<?xml version="1.0" encoding="UTF-8"?>
<testng-results total="2" passed="2" failed="0" skipped="0">
  <reporter-output>
    <line>
      <![CDATA[Application opened]]>
    </line>
    <line>
      <![CDATA[Application opened]]>
    </line>
  </reporter-output>
  <suite started-at="2021-01-27T02:27:23Z" name="Suite1" finished-at="2021-01-27T02:27:55Z" duration-ms="31969">
    <groups>
    </groups>
    <test started-at="2021-01-27T02:27:23Z" name="Nopackage" finished-at="2021-01-27T02:27:55Z" duration-ms="31969">
      <class name="com.hrms.testscripts.TC001">
        <test-method signature="tc001()[pri:0, instance:com.hrms.testscripts.TC001@2b71e916]" started-at="2021-01-27T07:57:23Z" name="tc001" finished-at="2021-01-27T07:57:38Z" duration-ms="15014" status="PASS">
          <reporter-output>
            <line>
              <![CDATA[Application opened]]>
            </line>
          </reporter-output>
        </test-method> <!-- tc001 -->
      </class> <!-- com.hrms.testscripts.TC001 -->
      <class name="com.hrms.testscripts.TC002">
        <test-method signature="tc001()[pri:0, instance:com.hrms.testscripts.TC002@75d4a5c2]" started-at="2021-01-27T07:57:38Z" name="tc001" finished-at="2021-01-27T07:57:55Z" duration-ms="16936" status="PASS">
          <reporter-output>
            <line>
              <![CDATA[Application opened]]>
            </line>
          </reporter-output>
        </test-method> <!-- tc001 -->
      </class> <!-- com.hrms.testscripts.TC002 -->
    </test> <!-- Nopackage -->
  </suite> <!-- Suite1 -->
</testng-results>
